Removed Pin From Net: NetName=6.25VOUT_1 Pin=C1-1
Removed Pin From Net: NetName=6.25VOUT_2 Pin=C4-1
Removed Pin From Net: NetName=GND Pin=C5-1
Removed Pin From Net: NetName=GND Pin=C6-1
Removed Pin From Net: NetName=6.25VOUT_2 Pin=C6-2
Removed Pin From Net: NetName=GND Pin=D2-2
Removed Pin From Net: NetName=12V Pin=F2-1
Removed Pin From Net: NetName=6.25VOUT_1 Pin=J1-1
Removed Pin From Net: NetName=6.25VOUT_1 Pin=J1-2
Removed Pin From Net: NetName=6.25VOUT_1 Pin=J2-1
Removed Pin From Net: NetName=6.25VOUT_1 Pin=J3-1
Removed Pin From Net: NetName=6.25VOUT_1 Pin=J3-2
Removed Pin From Net: NetName=6.25VOUT_1 Pin=R1-1
Removed Pin From Net: NetName=GND Pin=R3-1
Removed Pin From Net: NetName=6.25VOUT_2 Pin=R5-1
Removed Pin From Net: NetName=GND Pin=R6-1
Removed Pin From Net: NetName=6.25VOUT_2 Pin=R7-1
Removed Pin From Net: NetName=GND Pin=U1-3
Removed Pin From Net: NetName=6.25VOUT_1 Pin=U1-4
Removed Pin From Net: NetName=GND Pin=U1-7
Removed Pin From Net: NetName=GND Pin=U2-3
Removed Pin From Net: NetName=6.25VOUT_2 Pin=U2-4
Removed Pin From Net: NetName=GND Pin=U2-7
Removed Member From Class: ClassName=BigBoard Member=C1
Removed Member From Class: ClassName=BigBoard Member=C4
Removed Member From Class: ClassName=BigBoard Member=C5
Removed Member From Class: ClassName=BigBoard Member=C6
Removed Member From Class: ClassName=BigBoard Member=D2
Removed Member From Class: ClassName=BigBoard Member=F2
Removed Member From Class: ClassName=BigBoard Member=R1
Removed Member From Class: ClassName=BigBoard Member=R3
Removed Member From Class: ClassName=BigBoard Member=R5
Removed Member From Class: ClassName=BigBoard Member=R6
Removed Member From Class: ClassName=BigBoard Member=R7
Removed Member From Class: ClassName=BigBoard Member=U1
Removed Member From Class: ClassName=BigBoard Member=U2
Change Component Designator: OldDesignator=C7 47uF NewDesignator=C1 47uF
Added Component: Designator=Rset(J1-0603)
Added Component: Designator=(PTN78020WAH)
Added Pin To Net: NetName=GND Pin=-1
Added Pin To Net: NetName=6.25VOUT_1 Pin=-6
Added Pin To Net: NetName=GND Pin=-7
Added Pin To Net: NetName=6.25VOUT_2 Pin=J1-1
Added Pin To Net: NetName=6.25VOUT_2 Pin=J1-2
Added Pin To Net: NetName=6.25VOUT_2 Pin=J2-1
Added Pin To Net: NetName=6.25VOUT_2 Pin=J3-1
Added Pin To Net: NetName=6.25VOUT_2 Pin=J3-2
Added Pin To Net: NetName=GND Pin=Rset-2
Change Net Name : Old Net Name=6.25VOUT_1 New Net Name=Net_6
Change Net Name : Old Net Name=6.25VOUT_2 New Net Name=NetJ1_1
Added Pin To Net: NetName=Net_2 Pin=-2
Added Pin To Net: NetName=Net_2 Pin=F1-2
Added Net: Name=Net_2
Added Pin To Net: NetName=Net_4 Pin=-4
Added Pin To Net: NetName=Net_4 Pin=Rset-1
Added Net: Name=Net_4
Change Class Name : Old Net Name=BigBoard New Net Name=BigBoardVERSION2
Added Member To Class: ClassName=BigBoardVERSION2 Member=Component Rset Resistor
Added Member To Class: ClassName=BigBoardVERSION2 Member=Component  PTN78020WAH
Added Room: Name=BigBoardVERSION2
